<?xml version="1.0" encoding="UTF-8"?>
<testng-results ignored="0" total="1" passed="1" failed="0" skipped="0">
  <reporter-output>
  </reporter-output>
  <suite started-at="2022-09-22T17:29:08 IST" name="Default suite" finished-at="2022-09-22T17:31:44 IST" duration-ms="155776">
    <groups>
    </groups>
    <test started-at="2022-09-22T17:29:08 IST" name="Default test" finished-at="2022-09-22T17:31:44 IST" duration-ms="155776">
      <class name="Maven_package.Mad_Maven.madhu_mav">
        <test-method signature="maven_m()[pri:0, instance:Maven_package.Mad_Maven.madhu_mav@2b91004a]" started-at="2022-09-22T17:29:08 IST" name="maven_m" finished-at="2022-09-22T17:31:44 IST" duration-ms="155702" status="PASS">
          <reporter-output>
          </reporter-output>
        </test-method> <!-- maven_m -->
      </class> <!-- Maven_package.Mad_Maven.madhu_mav -->
    </test> <!-- Default test -->
  </suite> <!-- Default suite -->
</testng-results>
